---
driver=<class 'textual._linux_driver.LinuxDriver'>
Mount() >>> HoverApp(title='Textual Application')
Mount() >>> DockView(name='DockView#1')
Enter() >>> Hover(name='Hover#6')
Leave() >>> Hover(name='Hover#6')
Enter() >>> Hover(name='Hover#7')
Leave() >>> Hover(name='Hover#7')
Enter() >>> Hover(name='Hover#8')
Leave() >>> Hover(name='Hover#8')
Enter() >>> Hover(name='Hover#7')
Leave() >>> Hover(name='Hover#7')
Enter() >>> Hover(name='Hover#6')
Leave() >>> Hover(name='Hover#6')
Enter() >>> Hover(name='Hover#5')
Leave() >>> Hover(name='Hover#5')
Enter() >>> Hover(name='Hover#4')
Leave() >>> Hover(name='Hover#4')
Enter() >>> Hover(name='Hover#3')
Leave() >>> Hover(name='Hover#3')
Enter() >>> Hover(name='Hover#2')
set_focus Hover(name='Hover#2')
MouseDown(x=37, y=0, screen_y=2, button=1) >>> Hover(name='Hover#2')
MouseUp(x=37, y=0, screen_y=2, button=1) >>> Hover(name='Hover#2')
Click(x=37, y=0, screen_y=2, button=1) >>> Hover(name='Hover#2')
set_focus Hover(name='Hover#2')
MouseDown(x=37, y=0, screen_y=2, button=1) >>> Hover(name='Hover#2')
MouseUp(x=37, y=0, screen_y=2, button=1) >>> Hover(name='Hover#2')
Click(x=37, y=0, screen_y=2, button=1) >>> Hover(name='Hover#2')
set_focus Hover(name='Hover#2')
MouseDown(x=37, y=0, screen_y=2, button=1) >>> Hover(name='Hover#2')
MouseUp(x=37, y=0, screen_y=2, button=1) >>> Hover(name='Hover#2')
Click(x=37, y=0, screen_y=2, button=1) >>> Hover(name='Hover#2')
Leave() >>> Hover(name='Hover#2')
Enter() >>> Hover(name='Hover#1')
set_focus Hover(name='Hover#1')
MouseDown(x=36, y=1, button=1) >>> Hover(name='Hover#1')
MouseUp(x=36, y=1, button=1) >>> Hover(name='Hover#1')
Click(x=36, y=1, button=1) >>> Hover(name='Hover#1')
set_focus Hover(name='Hover#1')
MouseDown(x=36, y=1, button=1) >>> Hover(name='Hover#1')
MouseUp(x=36, y=1, button=1) >>> Hover(name='Hover#1')
Click(x=36, y=1, button=1) >>> Hover(name='Hover#1')
Leave() >>> Hover(name='Hover#1')
Enter() >>> Hover(name='Hover#2')
Leave() >>> Hover(name='Hover#2')
Enter() >>> Hover(name='Hover#3')
set_focus Hover(name='Hover#3')
MouseDown(x=32, y=1, screen_y=5, button=1) >>> Hover(name='Hover#3')
MouseUp(x=6, y=1, screen_y=5, button=1) >>> Hover(name='Hover#3')
Leave() >>> Hover(name='Hover#3')
Enter() >>> Hover(name='Hover#4')
Leave() >>> Hover(name='Hover#4')
Enter() >>> Hover(name='Hover#3')
Leave() >>> Hover(name='Hover#3')
Enter() >>> Hover(name='Hover#4')
Leave() >>> Hover(name='Hover#4')
Enter() >>> Hover(name='Hover#5')
Key(key='q') >>> HoverApp(title='Textual Application')
Key(key='enter') >>> HoverApp(title='Textual Application')
Leave() >>> Hover(name='Hover#5')
Enter() >>> Hover(name='Hover#3')
Leave() >>> Hover(name='Hover#3')
Enter() >>> Hover(name='Hover#4')
Leave() >>> Hover(name='Hover#4')
Enter() >>> Hover(name='Hover#5')
Leave() >>> Hover(name='Hover#5')
Enter() >>> Hover(name='Hover#6')
set_focus Hover(name='Hover#6')
MouseDown(x=38, y=0, screen_y=12, button=1) >>> Hover(name='Hover#6')
MouseUp(x=38, y=0, screen_y=12, button=1) >>> Hover(name='Hover#6')
Click(x=38, y=0, screen_y=12, button=1) >>> Hover(name='Hover#6')
Key(key='q') >>> HoverApp(title='Textual Application')
Key(key='enter') >>> HoverApp(title='Textual Application')
Leave() >>> Hover(name='Hover#6')
Enter() >>> Hover(name='Hover#5')
Leave() >>> Hover(name='Hover#5')
Enter() >>> Hover(name='Hover#4')
Leave() >>> Hover(name='Hover#4')
Enter() >>> Hover(name='Hover#3')
Leave() >>> Hover(name='Hover#3')
Enter() >>> Hover(name='Hover#4')
Leave() >>> Hover(name='Hover#4')
Enter() >>> Hover(name='Hover#5')
Leave() >>> Hover(name='Hover#5')
Enter() >>> Hover(name='Hover#6')
Leave() >>> Hover(name='Hover#6')
Enter() >>> Hover(name='Hover#7')
Leave() >>> Hover(name='Hover#7')
Enter() >>> Hover(name='Hover#8')
Leave() >>> Hover(name='Hover#8')
Enter() >>> Hover(name='Hover#9')
Leave() >>> Hover(name='Hover#9')
Enter() >>> Hover(name='Hover#10')
Leave() >>> Hover(name='Hover#10')
Enter() >>> Hover(name='Hover#9')
Leave() >>> Hover(name='Hover#9')
Enter() >>> Hover(name='Hover#8')
Leave() >>> Hover(name='Hover#8')
Enter() >>> Hover(name='Hover#7')
Leave() >>> Hover(name='Hover#7')
Enter() >>> Hover(name='Hover#6')
Leave() >>> Hover(name='Hover#6')
Enter() >>> Hover(name='Hover#5')
Leave() >>> Hover(name='Hover#5')
Enter() >>> Hover(name='Hover#4')
Leave() >>> Hover(name='Hover#4')
Enter() >>> Hover(name='Hover#3')
Leave() >>> Hover(name='Hover#3')
Enter() >>> Hover(name='Hover#4')
Leave() >>> Hover(name='Hover#4')
Enter() >>> Hover(name='Hover#5')
Leave() >>> Hover(name='Hover#5')
Enter() >>> Hover(name='Hover#6')
Leave() >>> Hover(name='Hover#6')
Enter() >>> Hover(name='Hover#7')
Leave() >>> Hover(name='Hover#7')
Enter() >>> Hover(name='Hover#8')
Leave() >>> Hover(name='Hover#8')
Enter() >>> Hover(name='Hover#7')
Leave() >>> Hover(name='Hover#7')
Enter() >>> Hover(name='Hover#6')
Leave() >>> Hover(name='Hover#6')
Enter() >>> Hover(name='Hover#5')
Leave() >>> Hover(name='Hover#5')
Enter() >>> Hover(name='Hover#4')
Leave() >>> Hover(name='Hover#4')
Enter() >>> Hover(name='Hover#3')
Leave() >>> Hover(name='Hover#3')
Enter() >>> Hover(name='Hover#4')
Leave() >>> Hover(name='Hover#4')
Enter() >>> Hover(name='Hover#5')
Leave() >>> Hover(name='Hover#5')
Enter() >>> Hover(name='Hover#6')
Leave() >>> Hover(name='Hover#6')
Enter() >>> Hover(name='Hover#7')
Leave() >>> Hover(name='Hover#7')
Enter() >>> Hover(name='Hover#8')
Leave() >>> Hover(name='Hover#8')
Enter() >>> Hover(name='Hover#9')
Leave() >>> Hover(name='Hover#9')
Enter() >>> Hover(name='Hover#10')
Leave() >>> Hover(name='Hover#10')
Enter() >>> Hover(name='Hover#9')
Leave() >>> Hover(name='Hover#9')
Enter() >>> Hover(name='Hover#8')
Leave() >>> Hover(name='Hover#8')
Enter() >>> Hover(name='Hover#7')
Leave() >>> Hover(name='Hover#7')
Enter() >>> Hover(name='Hover#6')
Leave() >>> Hover(name='Hover#6')
Enter() >>> Hover(name='Hover#5')
Leave() >>> Hover(name='Hover#5')
Enter() >>> Hover(name='Hover#4')
Leave() >>> Hover(name='Hover#4')
Enter() >>> Hover(name='Hover#3')
Leave() >>> Hover(name='Hover#3')
Enter() >>> Hover(name='Hover#2')
Leave() >>> Hover(name='Hover#2')
Enter() >>> Hover(name='Hover#1')
Leave() >>> Hover(name='Hover#1')
Enter() >>> Hover(name='Hover#2')
Leave() >>> Hover(name='Hover#2')
Enter() >>> Hover(name='Hover#3')
Leave() >>> Hover(name='Hover#3')
Enter() >>> Hover(name='Hover#4')
Leave() >>> Hover(name='Hover#4')
Enter() >>> Hover(name='Hover#5')
Leave() >>> Hover(name='Hover#5')
Enter() >>> Hover(name='Hover#6')
Leave() >>> Hover(name='Hover#6')
Enter() >>> Hover(name='Hover#7')
Leave() >>> Hover(name='Hover#7')
Enter() >>> Hover(name='Hover#8')
Leave() >>> Hover(name='Hover#8')
Enter() >>> Hover(name='Hover#7')
Leave() >>> Hover(name='Hover#7')
Enter() >>> Hover(name='Hover#6')
Leave() >>> Hover(name='Hover#6')
Enter() >>> Hover(name='Hover#5')
Leave() >>> Hover(name='Hover#5')
Enter() >>> Hover(name='Hover#4')
Key(key='ctrl+c') >>> HoverApp(title='Textual Application')
ACTION HoverApp(title='Textual Application') quit
CLOSED HoverApp(title='Textual Application')
PROCESS END
